<?xml version="1.0" encoding="utf-8"?><testsuites><testsuite name="pytest" errors="0" failures="0" skipped="0" tests="6" time="0.103" timestamp="2023-02-24T22:00:00.221413" hostname="brunahelua-VirtualBox"><testcase classname="tests.test_bytebank.TestClass" name="test_quando_idade_recebe_21_02_2000_deve_retornar_23" time="0.004" /><testcase classname="tests.test_bytebank.TestClass" name="test_quando_sobrenome_recebe_Bruna_Tiburcio_deve_retornar_Tiburcio" time="0.005" /><testcase classname="tests.test_bytebank.TestClass" name="test_quando_decrescimo_salario_recebe_cem_mil_deve_retornar_noventa_mil" time="0.002" /><testcase classname="tests.test_bytebank.TestClass" name="test_quando_calcular_bonus_1000_deve_retornar_100" time="0.002" /><testcase classname="tests.test_bytebank.TestClass" name="test_quando_calcular_bonus_recebe_1000000_deve_retornar_exception" time="0.001" /><testcase classname="tests.test_bytebank.TestClass" name="test_quando_retorna_str" time="0.007" /></testsuite></testsuites>